#                   بسم الله الرحمن الرحيم



# ( ~~~~~~~ هذا أم بي آر جديد لا اعرفه كثيرا وهو اول خيار ببرنامج BOOTICEx64 MBR الخيار الاول ايضا بجانب خيار تحديث~~~~~~~ )
# ( ~~~~~~~ MBR wee36.mbr ~~~~~~~ )

# اكواد رئيسية menu.lst 2017-05-05

# جميع اكواد ملف
# menu.lst
# وتم اختصار اكواد ملف menu.lst لتسريع البووت والاقلاع

# للحفظ

# الملف هذا menu.lst والاقلاع لـ
# HDD0
# HDD1 لهذا الهارد ديسك
# HDD2
# HDD3


# XP ON Boot CD DVD USB HDD ISO هذا خاص وهو على الجهاز
# هذه قائمة menu.lst


# م 03:35 - ‏05/‏12/‏2016
# 11:11 ص ‏03/‏05/‏2016
# 07:45 ص ‏28/‏02/‏2014

# اهم الملفات للبووت
# menu.lst
# grldr
# wubildr هذا لاجل الدخول لأبونتوا
# wubildr.mbr هذا لاجل الدخول لأبونتوا


# Boot CD DVD USB HDD ISO خاص للجميع


# نظام الملفات ntfs
# اذا لم يعمل البوت Boot في الـ USB لهذه الملفات grldr و menu.lst شغل هذا البرنامج WinSetupFromUSB-1-3 واعمل له تبويت فقط

# نظام الملفات fat32
# هذا البوت عن طريق برنامج 10:31 م ‏17/‏05/‏2015
# UEFI_MULTI_85 Boot UEF and Grub4dos MBR
# وارجعته بالطريقة العادية وهو افضل بهذا البرنامج WinSetupFromUSB-1-3 or BOOTICE


# حجم الشاشة , ممكن الغائها
graphicsmode -1 640:800 400:580 24:32 || graphicsmode -1 -1 -1 24:32
# graphicsmode -1 640:800 480:600 24:32 || graphicsmode -1 -1 -1 24:32

# الالوان
# color magenta/white white/red light-green/green light-magenta/white
color blue/green yellow/red white/magenta white/magenta
# color black/white white/red light-green/red light-magenta/blue

color border=0xEEFFEE

# الالوان بالاحرف الصغيرة ( الكودات ) وبعضها لا يعمل مثل هذه الاسماء بالموقع
# https://www.autohotkey.com/docs/commands/Progress.htm


# البووت بالصورة , ممكن الغائها
# gfxmenu /W81X/images77/GFXmenu.gfx أو تحت
# splashimage /W81X/images77/1034-768.xpm أو تحت
# splashimage /W81X/images77/1034-768.gz || splashimage /W81X/images77/1034-768.bmp أو
# الافضل لتغيير الصورة بسرعة من نوع bmp
# splashimage /W81X/images77/400-580.bmp


# ترقيم البيانات
write 0x8274 0x2001

# ( ~~~~~~~ هذا تحذفه لانه مع خيارات MBR wee36.mbr ~~~~~~~ )
find --set-root /boot/grub/grldr /boot/grub/grldr

# التوقيت الذاتي للدخول
timeout 17


# الخيار الطبيعي , لتغيير الرقم اذا اردت مكان آخر وكل مجموعة أوامر عبارة عن رقم
default 0

# ( ~~~~~~~ MBR wee36.mbr ~~~~~~~ )

title 1. Windows
find --set-root --active command +1
find --set-root /bootmgr /bootmgr
find --set-root /ntldr /ntldr

title 2. Grub4dos
find --set-root /boot/grub/grldr /boot/grub/grldr
find --set-root /boot/grub.exe /boot/grub.exe
find --set-root /boot/grldr /boot/grldr
find --set-root /grub.exe /grub.exe
find --set-root /grldr /grldr

title 3. Plop Boot Manager
find --set-root /boot/grub/plpbt.bin /boot/grub/plpbt.bin

title 4. Vboot
find --set-root /vbootldr /vbootldr

title 5. Burg
find --set-root /buldr /buldr

# انتهى هذه
# ( ~~~~~~~ MBR wee36.mbr ~~~~~~~ )



# ( ~~~~~~~ PC HDD SSD ~~~~~~~ )
# اساسي ورئيسي
# هذا الملف للجهاز الكمبيوتر فقط
# PC HDD SSD

title \t\t\t( ~~~~~~~ W81Xmenu.lst PC HDD SSD ~~~~~~~ )
root

title
root

# اساسي ورئيسي
# فقط البوت من الهارد
title \t\t\t by: thamermousa Boot HDD ON C: \n\n\t\tBoot from Hard Disk ON C:\ \n\n\t\t\tWebsite URL : http://thamermousa.blogspot.com
map (hd0) (hd1)
map (hd1) (hd0)
map --hook
chainloader (hd0,0)+1

# ( ~~~~~~~ هذه لخيارات tboot.iso لاجل الاقلاع من VHD or VHDX and WIM  ~~~~~~~ )

# يمكنك أيضًا تحديد ملف .wim بدلاً من ملف vhd. 1111111111111111111
title WIN VHD \n Windows 7/8/10 VHD or VHDX file ...  th77
map --mem /ntboot.iso (0xff)
map --hook
(0xff)/NTBOOT NT6=()/W81X/WIN7_1.vhd
boot

# يمكنك أيضًا تحديد ملف .wim بدلاً من ملف vhd. xxxxxxxxxx
title WIN PE10x64.wim \n wim
map --mem /ntboot.iso (0xff)
map --hook
(0xff)/NTBOOT NT6=()/W81X/PE10x64.wim
boot

# يمكنك أيضًا تحديد ملف .wim بدلاً من ملف vhd. xxxxxxxx
title WIN VHD \n iso
map --mem /ntboot.iso (0xff)
map --hook
(0xff)/NTBOOT NT6=()/W81X/Mini_xp_AR_th77.iso
boot


title TEST XP VHD \nXP
map --mem /ntboot.iso (0xff)
map --hook
(0xff)/NTBOOT NT5=()/WINXP.VHD
boot

# انتهى هذه
# ( ~~~~~~~ هذه لخيارات tboot.iso لاجل الاقلاع من VHD or VHDX and WIM  ~~~~~~~ )


title
root

# اساسي ورئيسي
# VHD Win10 WIM PE7x64 and PE81x64 and PE10x64 VHD Arabic ON W81X
# هذا يجب ان يبقى على الروت اي هكذا /W81X/bootmgr
# الملف هذا bootmgr خاص بالمجلد W81X فقط
title VHD Win10 Arabic WIM Win10 Arabic W81X \n\n\t\t Win Mini WIM 7 , 8.1 , 10 Arabic ON W81X ( 3.77 G.B All 3 ) \n\n\t\t\tArabicMicrosoft@gmail.com
find --set-root /W81X/bootmgr
chainloader /W81X/bootmgr

title
root

# اساسي ورئيسي
# ubuntu ابنتوا
# لحفظ الامور وهو ممتاز وفيه هذه الملفات root.disk swap.disk
# wubi.exe عن طريق برنامج
# النسخة هذه جيدة ومستقرة وافضل من الاحدث منها
title Ubuntu 15.10 (Wily Werewolf) From USB HDD ( 7 G.B ) \n Ubuntu Arabic ( 7 G.B ) From On Root.disk Swap.disk
find --set-root /wubildr
chainloader /wubildr.mbr

title
root


title ~~~~ Boot From CD DVD USB HDD ~~~~
root

title
root

# اساسي ورئيسي
# 1 فقط البوت من الهارد
title Boot HDD Vista/8/7/2008/10 (BootMGR)\n\t\tBoot Windows Vista/8/7/2008 (BootMGR) from Hard Drive\n\n\t\t\tArabicMicrosoft@gmail.com
find --set-root --ignore-floppies --ignore-cd /bootmgr
map () (hd0)
map (hd0) ()
map --rehook
find --set-root --ignore-floppies --ignore-cd /bootmgr
chainloader /bootmgr
savedefault


# اساسي ورئيسي
# بالمناسبة نفس الخيار اذا وجد هذا البووت على الهارد يدخل على الويندوز
# تنزيل الويندوز 8
title Or here - Setup all Win 7 , 8.1.1 , 10 \nInstalling top bootmgr companies x64-bit Activator AutoKMS Arabic English Mar-3-2013 ( 7.5 G.B ) - ( 20 G.B ) \nNo Key Of: 32JNW-9KQ84-P47T8-D8GGY-CWCK7 ) exe.dll.txt@gmail.com
find --set-root /bootmgr
chainloader /bootmgr

# رئيسي
# للدخول الى كل الويندوز على نفس الهارد
title Grub4dos bootmgr\n\t\tBoot From Hard Drive (Windows Vista/7/8.1/10 or Xp)\n\n\t\t\tArabicMicrosoft@gmail.com
find --set-root --ignore-floppies --ignore-cd /bootmgr || find --set-root --ignore-floppies --ignore-cd /ntldr || rootnoverify (hd0) && chainloader +1 && boot
map () (hd0) && map (hd0) () && map --rehook
find --set-root --devices=h /bootmgr || find --set-root --ignore-floppies --ignore-cd /ntldr
chainloader /bootmgr || chainloader /ntldr


title
root

# ممكن حذفه
# يجب ان يبقى على الروت اي /DLCD
title Ultimate DLCD Boot 2015 v1.0
	errorcheck off
	configfile /DLCD/menu.lst
	if "%@root%"=="(ud)" && calc *0x82A0=*0x82b9&0xff
	if "%@root:~1,1%"=="f" && find --set-root --devices=f /menu.lst 
	find --set-root --ignore-floppies --ignore-cd /DLCD/menu.lst && configfile /DLCD/menu.lst
	errorcheck on
	commandline

title
root

# wee36 MBR Sectors BackUp
title boot from wee36 MBR Sectors BackUp
chainloader --force (cd)/wee36.bin

# wee36 MBR Sectors BackUp
title 3. wee36.bin
find --set-root /wee36.bin


# EZBOOT
# title boot from easy boot
# chainloader --force (cd)/EZBOOT/LOADER.BIN

# ================================ للتجارب فقط ===========================================

title ~~~~ test ~~~~
root



# تجارب
# 1234567 اختبار استبدل الارقام سريعا بالذي تريده وازل علامة التعطيل
title test 1234567 ISO \n\n 1234567 ( 887 M.B ) \n\n\t\t\tArabicMicrosoft@gmail.com
ls /WinPE10ss.iso || find --set-root /WinPE10ss.iso
map --heads=0 --sectors-per-track=0 /WinPE10ss.iso (0xff) || map --heads=0 --sectors-per-track=0 --mem /WinPE10ss.iso (0xff)
map --hook
chainloader (0xff)

title
root

# ================================ الاكواد المهمة والرئيسية ===========================================

# ملاحظة - الجهاز يقرأ الويم Wim افضل من الايزو ISO لأنه يستخرج الملفات

title ~~~~ Boot From CD DVD USB HDD ~~~~
root

title
root

# ---------------------- Win XP ISO - Arabic ------------------

# رئيسي
# Mini_xp_AR_th77 الدخول على ويندوز اكس بي على السريع
title Mini XP AR ISO \n\n Mini xp AR th77 ( 41 M.B ) \n\n\t\t\tArabicMicrosoft@gmail.com
ls /W81X/Mini_xp.iso || find --set-root /W81X/Mini_xp.iso
map --heads=0 --sectors-per-track=0 /W81X/Mini_xp.iso (0xff) || map --heads=0 --sectors-per-track=0 --mem /W81X/Mini_xp.iso (0xff)
map --hook
chainloader (0xff)

# ---------------------- Boot Win ME th77 ISO ------------------

# رئيسي
# Boot Win ME th77 ISO dos-fdisk or format
title Boot Win ME th77 ISO \n\n Boot Win ME th77 ( 35 M.B ) \n\n\t\t\tArabicMicrosoft@gmail.com
ls /W81X/images77/ISO77/winmeboot.iso || find --set-root /W81X/images77/ISO77/winmeboot.iso
map --heads=0 --sectors-per-track=0 /W81X/images77/ISO77/winmeboot.iso (0xff) || map --heads=0 --sectors-per-track=0 --mem /W81X/images77/ISO77/winmeboot.iso (0xff)
map --hook
chainloader (0xff)


# ---------------------- Win 7 ISO - Arabic ------------------

# رئيسي
# Win7PESE_th77_x64 من تجهيزي ... ممتازة
title A - Win7PESE_th77_x64.ISO ara \n\n\t\t Win 7 Arabic Mini ( 974 M.B )\n\n\t\t\tArabicMicrosoft@gmail.com
ls /W81X/images77/ISO77/Win7PESE_th77_x64.iso || find --set-root /W81X/images77/ISO77/Win7PESE_th77_x64.iso
map --heads=0 --sectors-per-track=0 /W81X/images77/ISO77/Win7PESE_th77_x64.iso (0xff) || map --heads=0 --sectors-per-track=0 --mem /W81X/images77/ISO77/Win7PESE_th77_x64.iso (0xff)
map --hook
chainloader (0xff)


# ---------------------- Win 8.1 ISO - Arabic ------------------

# رئيسي
# Win8PESE_th77_x64 من تجهيزي ... ممتازة
title B - Win8PESE_th77_x64.iso ara \n\n\t\t Win 8 Arabic Mini ( 841 M.B )\n\n\t\t\tArabicMicrosoft@gmail.com
ls /W81X/images77/ISO77/Win8PESE_th77_x64.iso || find --set-root /W81X/images77/ISO77/Win8PESE_th77_x64.iso
map --heads=0 --sectors-per-track=0 /W81X/images77/ISO77/Win8PESE_th77_x64.iso (0xff) || map --heads=0 --sectors-per-track=0 --mem /W81X/images77/ISO77/Win8PESE_th77_x64.iso (0xff)
map --hook
chainloader (0xff)

# ---------------------- Win 10 ISO - Arabic ------------------

# رئيسي
# Win10PESE_th77_x64 الدخول على ويندوز اكس بي على السريع
title C - Win10PESE_th77_x64.ISO \n\n Win10PESE_th77_x64.ISO ( 41 M.B ) \n\n\t\t\tArabicMicrosoft@gmail.com
ls /W81X/images77/ISO77/Win10PESE_th77_x64.iso || find --set-root /W81X/images77/ISO77/Win10PESE_th77_x64.iso
map --heads=0 --sectors-per-track=0 /W81X/images77/ISO77/Win10PESE_th77_x64.iso (0xff) || map --heads=0 --sectors-per-track=0 --mem /W81X/images77/ISO77/Win10PESE_th77_x64.iso (0xff)
map --hook
chainloader (0xff)



title
root

# ---------------------- ubuntu - Arabic ------------------

# رئيسي
# هذه يعمل للأميج كله اي بدون حذف ملفاته والكود جديد مثل الابونتو
# اوقفه لأنه الافضل السابق اذا ما كان في اليو اس بي لكي يحفظ التغيرات والملفات عليها
# هذا الكود ممتاز للأميجات ISO وهو الافضل
title Ubuntu From ISO \n Ubuntu Arabic ( 1.5 G.B ) From ISO
map --unmap=0:0xff
map --unhook && map --rehook
cat --hex --locate=PoLPu@ (md)0x3D0+0x130 > nul && echo Cannot continue if PLoP is active, please start this entry without loading PLoP first && echo && pause Press any key to return to the main menu && configfile /menu.lst
set /a dev=*0x8280&0xff
root (%dev%,0)
set ISO=/W81X/images77/ISO77/ubuntu-15.10-desktop-amd64.iso
ls %ISO% > nul || find --set-root --devices=hf /usbdrive.tag|| echo Error! Could not find usbdrive.tag && echo  && pause Press any key to return to the main menu && configfile /menu.lst
ls %ISO% > nul || find --set-root --devices=hf %ISO% || echo Error! Could not find %ISO% && echo  && pause Press any key to return to the main menu && configfile /menu.lst
map %ISO% (0xff) || map --heads=0 --sectors-per-track=0 %ISO% (0xff) || echo FATAL ERROR mapping %ISO%, please check if file is present and defragmented && pause Press any key to return to main menu && configfile /menu.lst
#http://reboot.pro/topic/9916-grub4dos-isohybrided/page-2#entry88531
#http://www.rmprepusb.com/tutorials/tails
set /a dev=*0x82a0&0xff
debug 1
parttype (%dev%,3) | set check=
debug off
set check=%check:~-5,4%
if "%check%"=="0x00" partnew (%dev%,3) 0 0 0 && partnew (%dev%,3) 0x00 %ISO%
if not "%check%"=="0x00" echo WARNING: PARTITION TABLE 4 IN BIOS DEVICE %dev% IS ALREADY IN USE! && echo  && echo To prevent possible data loss will not continue further && pause && configfile /menu.lst
map --rehook
root (0xff)
chainloader (0xff)



# ---------------------- slax - Arabic ------------------

# رئيسي
# يجب ان يكون مجلد slax لوحده وليس داخل مجلد آخر ليعمل
# يجب ان يكون اسم المجلد هكذا slax ولا تغيره والا لن يعمل اما اسم الاميج ممكن تغييره
# في الاميج الاصلي وهو من الموقع slax-Arabic-7.0.8-x86_64.iso حذفت جميع الملفات داخل الامج وداخل سلاكس وابقيت على التالي
# مجلد boot بكامل محتوياته يجب ان يبقى ولا تحذف شيء الا الملف التالي
# isolinux.boot للحذف
# المجلدات الاخرى فارغة وهي changes و modules و rootcopy
# اصبح حجم الايمج iso ‏6.58 ميغابايت
# و حجم مجلد slax ‏230 ميغابايت كما هو سوى حذف ملف السابق الذي ذكرته
# ملاحظة اي شيء تعمله بهذه النسخة يحفظ في مجلد changes في ملف changes.dat وممكن حذفه اذا اردت ان تبقى النسخة خفيفة
# هذه خاصة على USB و HDD
# ممكن وضع برامج اخرى داخل المجلد modules مثل برنامج
# 3105-kaffeine.sb أو 4000 -leafpad.sb أو 3078-libreoffice.sb
title slax-Arabic iso and Hdd \n\n\t\tslax-Arabic-7.0.8-x86_64 iso in and hdd - 2015 ( 267 M.B )\n\n\t\t\tArabicMicrosoft@gmail.com
ls /slax.iso || find --set-root /W81X/images77/slax.iso
map --heads=0 --sectors-per-track=0 /W81X/images77/slax.iso (0xff) || map --heads=0 --sectors-per-track=0 --mem /W81X/images77/slax.iso (0xff)
map --hook
chainloader (0xff)


title
root



# ============= مجموعة استرجاع البووت Grub2 في موقع supergrubdisk ===========
# http://www.supergrubdisk.org/category/download/rescatuxdownloads/rescatux-stable/
# http://www.supergrubdisk.org/category/download/supergrub2diskdownload/super-grub2-disk-stable/

# رئيسي
# super_grub2_disk_hybrid_2.00s2 مشاكل الاقلاع والدخول على الانظمة
title super_grub2_disk_hybrid_2.00s2\n\nsuper_grub2_disk_hybrid_2.00s2 ( 11.9 M.B )\n\n\t\t\tArabicMicrosoft@gmail.com
ls /W81X/images77/ISO77/super_grub2_hybrid_2.iso || find --set-root /W81X/images77/ISO77/super_grub2_hybrid_2.iso
map --heads=0 --sectors-per-track=0 /W81X/images77/ISO77/super_grub2_hybrid_2.iso (0xff) || map --heads=0 --sectors-per-track=0 --mem /W81X/images77/ISO77/super_grub2_hybrid_2.iso (0xff)
map --hook
chainloader (0xff)


title
root

title
root

# ================================ الاكواد المهمة والرئيسية معطلة ===========================================

# رئيسي الكل

# للدخول الى ابونتو اذا كان البووت ابونتو Grub2 ubuntu
# title  \t ubuntu Grub2
# kernel (hd0,0)/boot/grub/i386-pc/core.img


# للدخول الى ابونتو اذا كان البووت grldr وهذا هو المهم لأنه بجوز يدخل بكثير من النسخ
# title Switch to GRUB2 core.img for booting Linux (Ubuntu, Fedora etc)
# set /a DefMenu=*0x8276&0xff > nul
# set /a NTS=%DefMenu%/10 > nul
# if not "%NTS%"=="0" set NTS=%DefMenu%
# if "%NTS%"=="0" set NTS=0%DefMenu%
# if "%PLOPDRV%"=="False" write --offset=0 (bd)/menucfg %NTS% > nul
# clear
# echo Please wait, searching for GRUB2 core img...
# set IMGF=0
# find --set-root --ignore-floppies --ignore-cd /boot/grub2/i386-pc/core.img > nul && set IMGF=1 && kernel /boot/grub2/i386-pc/core.img && boot
# if "%IMGF%"=="0" find --set-root --ignore-floppies --ignore-cd /boot/grub/i386-pc/core.img > nul && set IMGF=1 && kernel /boot/grub/i386-pc/core.img && boot
# if "%IMGF%"=="0" clear && echo GRUB2 core img not found! Returning to main menu... && pause --wait=5
# configfile


# عطلته السابق افضل والكود هذا ممتاز ايضا
# ubuntu-14-04-desktop-i386 ابنتوا
# ضع الاميج ISO في الروت , ويجب فك الاميج ISO في مجلد بنفس اسم الاميج حتى يعمل بشكل جيد لكن على الروت فقط
# 55 : 09 م ‏06/‏04/‏2015 تاريخ عملها
# حذف هذا الملف filesystem.squashfs من المجلد التالي
# E:\ubuntu-14-04-desktop-i386\casper
# وهذا لا تعمل فيه شيء ubuntu-14-04-desktop-i386.iso
# اي يجب ان يكون حجم المجلد ubuntu-14-04-desktop-i386 و الاميج ubuntu-14-04-desktop-i386.iso ‏1 غيغابايت تقريبا
# title Ubuntu-14.04-desktop-LTS-i386 iso and Hdd \n\n\t\tUbuntu-14.04-desktop-LTS-i386 iso in and hdd - 2015 ( 1 G.B )\n\n\t\t\tArabicMicrosoft@gmail.com
# set ISO=/W81X/images77/ISO77/ubuntu-15.10-desktop-amd64.iso
# set PERSIST=
# set PERSIST=YES
# map %ISO% (0xff)
# map --hook
# root (0xff)
# set P=
# if "%PERSIST%"=="YES" set P=persistent persistent-path=/mint
# set PERSIST=
# kernel /casper/vmlinuz file=/cdrom/preseed/cli.seed boot=casper %P% iso-scan/filename=%ISO% noeject   quiet splash --
# initrd /casper/initrd.lz


# هذه تعمل للأميج كله اي بدون حذف ملفاته والكود جديد مثل الابونتو
# اوقفه لأنه الافضل السابق اذا ما كان في اليو اس بي لكي يحفظ التغيرات والملفات عليها
# اوقفته وهذا الكود ممتاز للأميجات iso
# title slax-Arabic-7.0.8-x86_64 from partition 0
# map --unmap=0:0xff
# map --unhook && map --rehook
# cat --hex --locate=PoLPu@ (md)0x3D0+0x130 > nul && echo Cannot continue if PLoP is active, please start this entry without loading PLoP first && echo && pause Press any key to return to the main menu && configfile /menu.lst
# set /a dev=*0x8280&0xff
# root (%dev%,0)
# set ISO=/W81X/images77/ISO/slax-Arabic-7_0_8-x86_64.iso
# ls %ISO% > nul || find --set-root --devices=hf /usbdrive.tag|| echo Error! Could not find usbdrive.tag && echo  && pause Press any key to return to the main menu && configfile /menu.lst
# ls %ISO% > nul || find --set-root --devices=hf %ISO% || echo Error! Could not find %ISO% && echo  && pause Press any key to return to the main menu && configfile /menu.lst
# map %ISO% (0xff) || map --heads=0 --sectors-per-track=0 %ISO% (0xff) || echo FATAL ERROR mapping %ISO%, please check if file is present and defragmented && pause Press any key to return to main menu && configfile /menu.lst
# كان مع الكود http://reboot.pro/topic/9916-grub4dos-isohybrided/page-2#entry88531
# كان مع الكود http://www.rmprepusb.com/tutorials/tails
# set /a dev=*0x82a0&0xff
# debug 1
# parttype (%dev%,3) | set check=
# debug off
# set check=%check:~-5,4%
# if "%check%"=="0x00" partnew (%dev%,3) 0 0 0 && partnew (%dev%,3) 0x00 %ISO%
# if not "%check%"=="0x00" echo WARNING: PARTITION TABLE 4 IN BIOS DEVICE %dev% IS ALREADY IN USE! && echo  && echo To prevent possible data loss will not continue further && pause && configfile /menu.lst
# map --rehook
# root (0xff)
# chainloader (0xff)


title ~~~~~~~~ MENU lst ~~~~~~~~
root


# هذه قائمة Linux_Other.lst
### MENU END
title Go Menu Linux_Other ALL\n\tLinux_Other\n\n\t\t\texe.dll.txt@gmail.com
configfile /W81X/images77/Linux_Other.lst
### MENU END


# هذه قائمة Linux_Ubuntu_0101.lst
### MENU END
title Go Menu Linux_Ubuntu_0101\n\tLinux_Ubuntu_0101\n\n\t\t\texe.dll.txt@gmail.com
configfile /W81X/images77/Linux_Ubuntu_0101.lst
### MENU END

### ====================================================

# تحويلة من GRUB4DOS الى grub2
# GRUB4DOS خاصة بالاقلاع للاسطوانات وغيرها وهي الاساسية لدي
# grub2 خاصة بالاقلاع للينوكس

# بقي كود تحويل من GRUB4DOS الى grub2
# وهذا لم اجده الى الان

### boot grldr GRUB4DOS all iso th77 هذه تحويلة لـ menu.lst
# LABEL <==all iso th77==>
# MENU <==all iso th77==>
# BOOT /grldr
# TEXT HELP
#         boot grldr GRUB4DOS all iso >=---===> th77 <===---=<
# ENDTEXT

### boot grldr GRUB4DOS all iso th77 هذه تحويلة لـ menu.lst
# لكن شكل هذا الكود افضل لانه يعمل على البحث عن grldr في grub2
# if [ "${grub_platform}" == "pc" ]; 
# menuentry "Boot Grub4dos"
# search --file /grldr --set=root
# insmod ntldr
# ntldr /grldr

### ====================================================

# فقط لـ ابونتو Ubuntu
# مثل ملف HDD_zip.lst لكن في ابونتو
# هذا تضع فقط داخل قسم الابونتو Ubuntu في ملف
# 40_custom
# مثال للنسخة المجربة هي clonezilla-live-2.3.2-22-i686-pae.zip وايضا drbl-live-xfce-2.3.1-6-i686-pae.zip
# الكود الصحيح ... محتمل تغير بعض الامور
# menuentry "Clonezilla123" {
set root=(hd0,1)
linux /live-hd/live/vmlinuz boot=live live-config noswap nolocales edd=on nomodeset ocs_live_run=\"ocs-live-general\" ocs_live_extra_param=\"\" keyboard-layouts=\"\" ocs_live_batch=\"no\" locales=\"\" vga=788 ip=frommedia nosplash live-media-path=/live-hd/live bootfrom=/dev/sda1 toram=filesystem.squashfs
initrd /live-hd/live/initrd.img }

#


title
root

title ~~~~ Setup And Installing ~~~~
root

# araWin8.1x64-engWin7x86-XP من تجهيزي ... ممتازة
title Setup Win8.1 Win7x86x64ara--eng\n\n\t\tSetup Win8.1 Win7x86x64ara--eng ( 3.720 G.B )\n\n\t\t\tArabicMicrosoft@gmail.com
ls /Windows10.iso || find --set-root /Windows10.iso
map --heads=0 --sectors-per-track=0 /Windows10.iso (0xff) || map --heads=0 --sectors-per-track=0 --mem /Windows10.iso (0xff)
map --hook
chainloader (0xff)

# بالمناسبة نفس الخيار اذا وجد هذا البووت على الهارد يدخل على الويندوز
# تنزيل الويندوز 8
title Setup Windows 8 Enterprise Rtm 9200 Office 2013 PPVL x64-bit\nInstalling top win8 Private companies Windows 8 Enterprise Rtm 9200 Office 2013 PPVL x64-bit Activator AutoKMS Arabic English Mar-3-2013 ( 7.5 G.B ) - ( 20 G.B ) \nNo Key Of: 32JNW-9KQ84-P47T8-D8GGY-CWCK7 ) exe.dll.txt@gmail.com
find --set-root /bootmgr
chainloader /bootmgr


title
root

title ~~~~~~~~~~~ Other ~~~~~~~~~~~~~
root


# مساعدة
title Help!\n\t\thelp\n\n\t\t\texe.dll.txt@gmail.com
ls /W81X/images77/help.iso || find --set-root /W81X/images77/help.iso
map --heads=0 --sectors-per-track=0 /W81X/images77/help.iso (0xff) || map --heads=0 --sectors-per-track=0 --mem /W81X/images77/help.iso (0xff)
map --hook
chainloader (0xff)


# معطل
# فلوبي ديسك
#iftitle [if exist (fd0)+1] Floppy (fd0)
#chainloader (fd0)+1
#rootnoverify (fd0)


# سطر الاوامر
title Command Line\n\t\tCommand Line Cmd.exe\n\n\t\t\texe.dll.txt@gmail.com
savedefault --wait=2
commandline


# اطفاء الجهاز
title **Shutdown\n\t\tShutdown OOFOOF\n\n\t\t\texe.dll.txt@gmail.com
savedefault --wait=2
halt


# اعادة تشغيل الجهاز
title *Reboot\n\t\tReboot OOFOON\n\n\t\t\texe.dll.txt@gmail.com
savedefault --wait=2
reboot


title
root

# العودة للقائمة االرئيسية menu.lst
### MENU END
title Go Back Home Main Menu
configfile /menu.lst
### MENU END

title
root

title ~~~~ Boot From CD DVD USB HDD ~~~~
root

# 1
# هذا الصح للدخول الى كل الويندوز على نفس الهارد
title Boot HDD (Windows 10/8.1/8/7/Vista/2008 or Xp)\n\t\tBoot From Hard Drive (Windows Vista/8/7/2008 or Xp)\n\n\t\t\tArabicMicrosoft@gmail.com
find --set-root --ignore-floppies --ignore-cd /bootmgr || find --set-root --ignore-floppies --ignore-cd /ntldr || rootnoverify (hd0) && chainloader +1 && boot
map () (hd0) && map (hd0) () && map --rehook
find --set-root --devices=h /bootmgr || find --set-root --ignore-floppies --ignore-cd /ntldr
chainloader /bootmgr || chainloader /ntldr


# 1
title Boot HDD Windows Vista/8/7/2008 (BootMGR)\n\t\tBoot Windows Vista/8/7/2008 (BootMGR) from Hard Drive\n\n\t\t\tArabicMicrosoft@gmail.com
find --set-root --ignore-floppies --ignore-cd /bootmgr
map () (hd0)
map (hd0) ()
map --rehook
find --set-root --ignore-floppies --ignore-cd /bootmgr
chainloader /bootmgr
savedefault

# 1
title Boot HDD Windows XP (NTLDR)\n\t\tBoot Windows XP (NTLDR) from Hard Drive\n\n\t\t\tArabicMicrosoft@gmail.com
find --set-root --ignore-floppies --ignore-cd /ntldr
map () (hd0)
map (hd0) ()
map --rehook
find --set-root --ignore-floppies --ignore-cd /ntldr
chainloader /ntldr
savedefault


# للتحويل الى grldr.mbr نبحث عنه بعدين
title Setup 
find --set-root /grldr.mbr
chainloader /grldr.mbr


# فقط البوت من الهارد
title Boot HDD\n\t\tBoot From Hard Drive ON HDD\n\n\t\t\tArabicMicrosoft@gmail.com
map (hd0) (hd1)
map (hd1) (hd0)
map --hook
chainloader (hd0,0)+1


# 1
# هذا يدخل الى بوت القائمة
title Boot MBR of First HDD\n\t\tBoot MBR of First Hard Disk\n\n\t\t\tArabicMicrosoft@gmail.com
chainloader (hd0)+1
rootnoverify (hd0)

title Boot Windows 7-8-8.1-10
chainloader /BOOTMGR

title Boot from Hard Disk
rootnoverify (hd0)
chainloader +1



title find /menu.lst, /boot/grub/menu.lst, /grub/menu.lst
errorcheck off
configfile /boot/grub/menu.lst
configfile /grub/menu.lst
if "%@root%"=="(ud)" && calc *0x82A0=*0x82b9&0xff
if "%@root:~1,1%"=="f" && find --set-root --devices=f /menu.lst && configfile /menu.lst
find --set-root --ignore-floppies --ignore-cd /menu.lst && configfile /menu.lst
find --set-root --ignore-floppies --ignore-cd /boot/grub/menu.lst && configfile /boot/grub/menu.lst
find --set-root --ignore-floppies --ignore-cd /grub/menu.lst && configfile /grub/menu.lst
configfile http://b.chenall.net/menu.lst
errorcheck on
commandline

# ====================================


title Windows 7 SP1 x86 start setup
map --unhook
map --unmap=0:0xff && map --rehook
if "%PLOPDRV%"=="False" savedefault 3
ls /shifthd.bat > nul || find --set-root --devices=hf /shifthd.bat
/shifthd.bat
if "%RDSK%"=="" pause Fatal error while swapping hard disk order, cannot continue! && configfile /menu.lst
root (hd%RDSK%,0)
chainloader /BOOTMGR

title Windows 7 SP1 continue setup
map --unhook
map --unmap=0:0xff && map --rehook
ls /shifthd.bat > nul || find --set-root --devices=hf /shifthd.bat
/shifthd.bat
if "%RDSK%"=="" pause Fatal error while swapping hard disk order, cannot continue! && configfile /menu.lst
pause --wait=1 Booting MBR on hd0 ...
chainloader (hd0)+1


# ===============Boot HDD1 to HDD0 to C=====================

# معطل
# رئيسي
# هذه الخيار ينقلك من الهارد ديسك الى الهارد ديسك للبووت ويندوز
# HDD1 من
# HDD0 الى هذا
# مثال من HDD1 E
# الى HDD0 C
# هذه لاجل الاقلاع من ويندوز VHD في السي اذا كنت مفرمت السي ووضعت هذا الملف فقط
# مجرب ويعمل
# title Boot HDD1 to HDD0 to C - Vista/8/7/2008/10 (BootMGR)\n\t\tBoot Windows Vista/8/7/2008 (BootMGR) from Hard Drive\n\n\t\t\tArabicMicrosoft@gmail.com
find --set-root --ignore-floppies --ignore-cd /bootmgr
map () (hd1)
map (hd1) ()
map --rehook
find --set-root --ignore-floppies --ignore-cd /bootmgr
chainloader /bootmgr
savedefault

# معطل
# رئيسي
# هذه الخيار ينقلك من الهارد ديسك الى الهارد ديسك للبووت ويندوز
# HDD1 من
# HDD0 الى هذا
# مثال من HDD1 E
# الى HDD0 C
# هذه لاجل الاقلاع من ويندوز VHD في السي اذا كنت مفرمت السي ووضعت هذا الملف فقط
# مجرب ويعمل
# title Boot HDD1 to HDD0 to C - Grub4dos bootmgr\n\t\tBoot From Hard Drive (Windows Vista/7/8.1/10 or Xp)\n\n\t\t\tArabicMicrosoft@gmail.com
find --set-root --ignore-floppies --ignore-cd /bootmgr || find --set-root --ignore-floppies --ignore-cd /ntldr || rootnoverify (hd0) && chainloader +1 && boot
map () (hd1) && map (hd1) () && map --rehook
find --set-root --devices=h /bootmgr || find --set-root --ignore-floppies --ignore-cd /ntldr
chainloader /bootmgr || chainloader /ntldr

# معطل
# رئيسي
# هذه الخيار ينقلك من الهارد ديسك الى الهارد ديسك للبووت ويندوز
# HDD1 من
# HDD0 الى هذا
# مثال من HDD1 E
# الى HDD0 C
# هذه لاجل الاقلاع من ويندوز VHD في السي اذا كنت مفرمت السي ووضعت هذا الملف فقط
# مجرب ويعمل
# title Boot HDD1 to HDD0 to C
find --set-root --ignore-floppies --ignore-cd /bootmgr
map () (hd0)
map (hd0) ()
map --rehook
find --set-root --ignore-floppies --ignore-cd /bootmgr
chainloader /bootmgr
savedefault


# تحت احتياط ولا يعمل -------------------------------

# معطل
# اوبنتو 12.0.4 للينوكس
#Modify the following entry if it does not boot يعمل البوت لكن لا يعمل التنزيل
# اذا اردت الكود ازل علامة المربع
#title Boot ubuntu-15.10-desktop-amd64.iso
#find --set-root --ignore-floppies --ignore-cd /W81X/images77/ubuntu-15.10-desktop-amd64.iso
#map --heads=0 --sectors-per-track=0 /W81X/images77/ubuntu-15.10-desktop-amd64.iso (hd32)
#map --hook
#chainloader (hd32)


# معطل
# فقط البوت من الهارد
# Ubuntu
# الأوامر الموجودة بملف menu.lst قديمة ولا تعمل مع آخر إصدار Ubuntu 13.04
# بعد التجربة وجدت الأوامر المتوافقة
#طبعا هنغير sda8 للرقم المناسب.
#title Find & Boot Already-Installed Ubuntu 13.04
#find --set-root /vmlinuz
#kernel /vmlinuz ro root=/dev/sda8
#initrd /initrd.img
